<?xml version="1.0" encoding="UTF-8"?>
<!-- Generated by org.testng.reporters.JUnitXMLReporter -->
<testsuite hostname="LAPTOP-I5MPUN7Q" ignored="1" name="Default test" tests="1" failures="0" timestamp="2022-04-21T15:28:59 IST" time="11.663" errors="0">
  <testcase name="validateTitle" time="0.016" classname="com.tests.LoginTest"/>
  <testcase name="validateLogo" time="0.0" classname="com.tests.LoginTest">
    <ignored/>
  </testcase> <!-- validateLogo -->
</testsuite> <!-- Default test -->
