<?xml version="1.0" encoding="UTF-8"?>
<testng-results skipped="0" failed="0" ignored="1" total="2" passed="1">
  <reporter-output>
  </reporter-output>
  <suite name="Default suite" duration-ms="11663" started-at="2022-04-21T15:28:47 IST" finished-at="2022-04-21T15:28:59 IST">
    <groups>
    </groups>
    <test name="Default test" duration-ms="11663" started-at="2022-04-21T15:28:47 IST" finished-at="2022-04-21T15:28:59 IST">
      <class name="com.tests.LoginTest">
        <test-method status="PASS" signature="setup()[pri:0, instance:com.tests.LoginTest@3ecd23d9]" name="setup" is-config="true" duration-ms="10900" started-at="2022-04-21T15:28:47 IST" finished-at="2022-04-21T15:28:58 IST">
          <reporter-output>
          </reporter-output>
        </test-method> <!-- setup -->
        <test-method status="PASS" signature="validateTitle()[pri:0, instance:com.tests.LoginTest@3ecd23d9]" name="validateTitle" duration-ms="16" started-at="2022-04-21T15:28:58 IST" finished-at="2022-04-21T15:28:58 IST">
          <reporter-output>
          </reporter-output>
        </test-method> <!-- validateTitle -->
        <test-method status="PASS" signature="tearDown()[pri:0, instance:com.tests.LoginTest@3ecd23d9]" name="tearDown" is-config="true" duration-ms="714" started-at="2022-04-21T15:28:58 IST" finished-at="2022-04-21T15:28:59 IST">
          <reporter-output>
          </reporter-output>
        </test-method> <!-- tearDown -->
      </class> <!-- com.tests.LoginTest -->
    </test> <!-- Default test -->
  </suite> <!-- Default suite -->
</testng-results>
